
Showing logs for build [32mcb-kubecd-environment-pr-169-4-ww75z-1[0m stage [32mfrom-build-pack[0m and container [32mstep-credential-initializer-fnps5[0m
{"level":"warn","ts":1582901254.5895898,"logger":"fallback-logger","caller":"logging/config.go:69","msg":"Fetch GitHub commit ID from kodata failed: \"ref: refs/heads/0.8.0-**-support-backwards-incompats\" is not a valid GitHub commit ID"}
{"level":"info","ts":1582901254.590539,"logger":"fallback-logger","caller":"creds-init/main.go:40","msg":"Credentials initialized."}

Showing logs for build [32mcb-kubecd-environment-pr-169-4-ww75z-1[0m stage [32mfrom-build-pack[0m and container [32mstep-working-dir-initializer-k575c[0m
{"level":"warn","ts":1582901256.036934,"logger":"fallback-logger","caller":"logging/config.go:69","msg":"Fetch GitHub commit ID from kodata failed: open /var/run/ko/HEAD: no such file or directory"}
{"level":"info","ts":1582901256.038822,"logger":"fallback-logger","caller":"bash/main.go:64","msg":"Successfully executed command \"sh -c mkdir -p /workspace/source\"; output "}

Showing logs for build [32mcb-kubecd-environment-pr-169-4-ww75z-1[0m stage [32mfrom-build-pack[0m and container [32mstep-place-tools[0m

Showing logs for build [32mcb-kubecd-environment-pr-169-4-ww75z-1[0m stage [32mfrom-build-pack[0m and container [32mstep-git-source-cb-kubecd-environment-pr-169-4-ww75z-7ngcm[0m
{"level":"warn","ts":1582901261.3124974,"logger":"fallback-logger","caller":"logging/config.go:69","msg":"Fetch GitHub commit ID from kodata failed: \"ref: refs/heads/0.8.0-**-support-backwards-incompats\" is not a valid GitHub commit ID"}
{"level":"info","ts":1582901262.5842974,"logger":"fallback-logger","caller":"git/git.go:103","msg":"Successfully cloned https://github.com/cb-kubecd/environment-pr-169-4-gke-upgrade-staging.git @ master in path /workspace/source"}

Showing logs for build [32mcb-kubecd-environment-pr-169-4-ww75z-1[0m stage [32mfrom-build-pack[0m and container [32mstep-git-merge[0m
Using SHAs from PULL_REFS=master:babd107d2c2cb4e1c0e1aa3be8a7ca503a0f5cc7,1:ded1e6741a70f4af63804d68945f716ebc104579
DEBUG: LC_ALL=C JX_LOG_LEVEL=error git fetch origin --unshallow ded1e6741a70f4af63804d68945f716ebc104579: babd107d2c2cb4e1c0e1aa3be8a7ca503a0f5cc7:
DEBUG: ran git fetch --unshallow origin ded1e6741a70f4af63804d68945f716ebc104579: babd107d2c2cb4e1c0e1aa3be8a7ca503a0f5cc7: in 
DEBUG: LC_ALL=C JX_LOG_LEVEL=error git branch
DEBUG: LC_ALL=C JX_LOG_LEVEL=error git checkout master
DEBUG: ran git checkout master in 
DEBUG: LC_ALL=C JX_LOG_LEVEL=error git reset --hard babd107d2c2cb4e1c0e1aa3be8a7ca503a0f5cc7
DEBUG: ran git reset --hard babd107d2c2cb4e1c0e1aa3be8a7ca503a0f5cc7 in 
DEBUG: LC_ALL=C JX_LOG_LEVEL=error git clean -fd .
DEBUG: ran clean --force -d . in 
DEBUG: LC_ALL=C JX_LOG_LEVEL=error git merge ded1e6741a70f4af63804d68945f716ebc104579
DEBUG: ran git merge ded1e6741a70f4af63804d68945f716ebc104579 in 
DEBUG: LC_ALL=C JX_LOG_LEVEL=error git log --format=%H%x1f%an%x1f%ae%x1f%cn%x1f%ce%x1f%s%n%b%x1e babd107d2c2cb4e1c0e1aa3be8a7ca503a0f5cc7..HEAD
Merged SHA ded1e6741a70f4af63804d68945f716ebc104579 with commit message 'chore: Promote bdd-spring-1582900929 to version 0.0.1' into base branch master

Showing logs for build [32mcb-kubecd-environment-pr-169-4-ww75z-1[0m stage [32mfrom-build-pack[0m and container [32mstep-build-helm-build[0m
WARNING: No $CHART_REPOSITORY defined so using the default value of: http://jenkins-x-chartmuseum:8080
Adding missing Helm repo: storage.googleapis.com https://storage.googleapis.com/chartmuseum.jenkins-x.io
WARNING: No secrets found on "helm/repos" due: reading the secret "helm/repos" from vault: no secret "helm/repos" not found in vault
Read credentials for https://storage.googleapis.com/chartmuseum.jenkins-x.io from vault helm/repos
Successfully added Helm repository storage.googleapis.com.
Adding missing Helm repo: jenkins-x-chartmuseum http://jenkins-x-chartmuseum:8080
WARNING: No secrets found on "helm/repos" due: reading the secret "helm/repos" from vault: no secret "helm/repos" not found in vault
Read credentials for http://jenkins-x-chartmuseum:8080 from vault helm/repos
Successfully added Helm repository jenkins-x-chartmuseum.
WARNING: No $CHART_REPOSITORY defined so using the default value of: http://jenkins-x-chartmuseum:8080
Adding missing Helm repo: chartmuseum.jenkins-x.io http://chartmuseum.jenkins-x.io
WARNING: No secrets found on "helm/repos" due: reading the secret "helm/repos" from vault: no secret "helm/repos" not found in vault
Read credentials for http://chartmuseum.jenkins-x.io from vault helm/repos
Successfully added Helm repository chartmuseum.jenkins-x.io.
